<?xml version="1.0" encoding="UTF-8"?>
<testsuite name="com.practice.springboot.dto.HelloResponseDtoTest" tests="1" skipped="0" failures="0" errors="0" timestamp="2021-02-14T04:59:49" hostname="DESKTOP-IC55394" time="0.003">
  <properties/>
  <testcase name="lombok_test" classname="com.practice.springboot.dto.HelloResponseDtoTest" time="0.003"/>
  <system-out><![CDATA[]]></system-out>
  <system-err><![CDATA[]]></system-err>
</testsuite>
