<?xml version="1.0" encoding="UTF-8"?>
<testsuite name="com.practice.springboot.HelloControllerTest" tests="2" skipped="0" failures="0" errors="0" timestamp="2021-02-14T04:59:39" hostname="DESKTOP-IC55394" time="0.499">
  <properties/>
  <testcase name="helloDtoReturn" classname="com.practice.springboot.HelloControllerTest" time="0.485"/>
  <testcase name="hello가_리턴된다" classname="com.practice.springboot.HelloControllerTest" time="0.013"/>
  <system-out><![CDATA[13:59:33.911 [Test worker] DEBUG org.springframework.test.context.junit4.SpringJUnit4ClassRunner - SpringJUnit4ClassRunner constructor called with [class com.practice.springboot.HelloControllerTest]
13:59:33.930 [Test worker] DEBUG org.springframework.test.context.BootstrapUtils - Instantiating CacheAwareContextLoaderDelegate from class [org.springframework.test.context.cache.DefaultCacheAwareContextLoaderDelegate]
13:59:33.957 [Test worker] DEBUG org.springframework.test.context.BootstrapUtils - Instantiating BootstrapContext using constructor [public org.springframework.test.context.support.DefaultBootstrapContext(java.lang.Class,org.springframework.test.context.CacheAwareContextLoaderDelegate)]
13:59:34.026 [Test worker] DEBUG org.springframework.test.context.BootstrapUtils - Instantiating TestContextBootstrapper for test class [com.practice.springboot.HelloControllerTest] from class [org.springframework.boot.test.autoconfigure.web.servlet.WebMvcTestContextBootstrapper]
13:59:34.084 [Test worker] INFO org.springframework.boot.test.autoconfigure.web.servlet.WebMvcTestContextBootstrapper - Neither @ContextConfiguration nor @ContextHierarchy found for test class [com.practice.springboot.HelloControllerTest], using SpringBootContextLoader
13:59:34.090 [Test worker] DEBUG org.springframework.test.context.support.AbstractContextLoader - Did not detect default resource location for test class [com.practice.springboot.HelloControllerTest]: class path resource [com/practice/springboot/HelloControllerTest-context.xml] does not exist
13:59:34.091 [Test worker] DEBUG org.springframework.test.context.support.AbstractContextLoader - Did not detect default resource location for test class [com.practice.springboot.HelloControllerTest]: class path resource [com/practice/springboot/HelloControllerTestContext.groovy] does not exist
13:59:34.091 [Test worker] INFO org.springframework.test.context.support.AbstractContextLoader - Could not detect default resource locations for test class [com.practice.springboot.HelloControllerTest]: no resource found for suffixes {-context.xml, Context.groovy}.
13:59:34.093 [Test worker] INFO org.springframework.test.context.support.AnnotationConfigContextLoaderUtils - Could not detect default configuration classes for test class [com.practice.springboot.HelloControllerTest]: HelloControllerTest does not declare any static, non-private, non-final, nested classes annotated with @Configuration.
13:59:34.222 [Test worker] DEBUG org.springframework.test.context.support.ActiveProfilesUtils - Could not find an 'annotation declaring class' for annotation type [org.springframework.test.context.ActiveProfiles] and class [com.practice.springboot.HelloControllerTest]
13:59:34.317 [Test worker] DEBUG org.springframework.context.annotation.ClassPathScanningCandidateComponentProvider - Identified candidate component class: file [C:\Users\baewo\Desktop\springboot2-webservice\build\classes\java\main\com\practice\springboot\Application.class]
13:59:34.319 [Test worker] INFO org.springframework.boot.test.context.SpringBootTestContextBootstrapper - Found @SpringBootConfiguration com.practice.springboot.Application for test class com.practice.springboot.HelloControllerTest
13:59:34.322 [Test worker] DEBUG org.springframework.boot.test.autoconfigure.web.servlet.WebMvcTestContextBootstrapper - @TestExecutionListeners is not present for class [com.practice.springboot.HelloControllerTest]: using defaults.
13:59:34.324 [Test worker] INFO org.springframework.boot.test.autoconfigure.web.servlet.WebMvcTestContextBootstrapper - Loaded default TestExecutionListener class names from location [META-INF/spring.factories]: [org.springframework.security.test.context.support.WithSecurityContextTestExecutionListener, org.springframework.security.test.context.support.ReactorContextTestExecutionListener, org.springframework.boot.test.autoconfigure.restdocs.RestDocsTestExecutionListener, org.springframework.boot.test.autoconfigure.web.client.MockRestServiceServerResetTestExecutionListener, org.springframework.boot.test.autoconfigure.web.servlet.MockMvcPrintOnlyOnFailureTestExecutionListener, org.springframework.boot.test.autoconfigure.web.servlet.WebDriverTestExecutionListener, org.springframework.boot.test.mock.mockito.MockitoTestExecutionListener, org.springframework.boot.test.mock.mockito.ResetMocksTestExecutionListener, org.springframework.test.context.web.ServletTestExecutionListener, org.springframework.test.context.support.DirtiesContextBeforeModesTestExecutionListener, org.springframework.test.context.support.DependencyInjectionTestExecutionListener, org.springframework.test.context.support.DirtiesContextTestExecutionListener, org.springframework.test.context.transaction.TransactionalTestExecutionListener, org.springframework.test.context.jdbc.SqlScriptsTestExecutionListener]
13:59:34.369 [Test worker] INFO org.springframework.boot.test.autoconfigure.web.servlet.WebMvcTestContextBootstrapper - Using TestExecutionListeners: [org.springframework.test.context.web.ServletTestExecutionListener@1618576b, org.springframework.test.context.support.DirtiesContextBeforeModesTestExecutionListener@607ba858, org.springframework.boot.test.mock.mockito.MockitoTestExecutionListener@5d93c7d3, org.springframework.boot.test.autoconfigure.SpringBootDependencyInjectionTestExecutionListener@77d394bc, org.springframework.test.context.support.DirtiesContextTestExecutionListener@23a42622, org.springframework.test.context.transaction.TransactionalTestExecutionListener@1e207366, org.springframework.test.context.jdbc.SqlScriptsTestExecutionListener@5dce922e, org.springframework.security.test.context.support.WithSecurityContextTestExecutionListener@36d38b5f, org.springframework.security.test.context.support.ReactorContextTestExecutionListener@34443e91, org.springframework.boot.test.autoconfigure.restdocs.RestDocsTestExecutionListener@2962d03c, org.springframework.boot.test.autoconfigure.web.client.MockRestServiceServerResetTestExecutionListener@9468dc, org.springframework.boot.test.autoconfigure.web.servlet.MockMvcPrintOnlyOnFailureTestExecutionListener@2a3782e2, org.springframework.boot.test.autoconfigure.web.servlet.WebDriverTestExecutionListener@3f129183, org.springframework.boot.test.mock.mockito.ResetMocksTestExecutionListener@ce456d]
13:59:34.373 [Test worker] DEBUG org.springframework.test.annotation.ProfileValueUtils - Retrieved @ProfileValueSourceConfiguration [null] for test class [com.practice.springboot.HelloControllerTest]
13:59:34.374 [Test worker] DEBUG org.springframework.test.annotation.ProfileValueUtils - Retrieved ProfileValueSource type [class org.springframework.test.annotation.SystemProfileValueSource] for class [com.practice.springboot.HelloControllerTest]
13:59:34.375 [Test worker] DEBUG org.springframework.test.annotation.ProfileValueUtils - Retrieved @ProfileValueSourceConfiguration [null] for test class [com.practice.springboot.HelloControllerTest]
13:59:34.375 [Test worker] DEBUG org.springframework.test.annotation.ProfileValueUtils - Retrieved ProfileValueSource type [class org.springframework.test.annotation.SystemProfileValueSource] for class [com.practice.springboot.HelloControllerTest]
13:59:34.384 [Test worker] DEBUG org.springframework.test.context.support.AbstractDirtiesContextTestExecutionListener - Before test class: context [DefaultTestContext@46730c23 testClass = HelloControllerTest, testInstance = [null], testMethod = [null], testException = [null], mergedContextConfiguration = [WebMergedContextConfiguration@7e6d2f01 testClass = HelloControllerTest, locations = '{}', classes = '{class com.practice.springboot.Application}', contextInitializerClasses = '[]', activeProfiles = '{}', propertySourceLocations = '{}', propertySourceProperties = '{org.springframework.boot.test.autoconfigure.web.servlet.WebMvcTestContextBootstrapper=true}', contextCustomizers = set[org.springframework.boot.test.autoconfigure.OverrideAutoConfigurationContextCustomizerFactory$DisableAutoConfigurationContextCustomizer@5c88ca04, org.springframework.boot.test.autoconfigure.filter.TypeExcludeFiltersContextCustomizer@b2e39798, org.springframework.boot.test.autoconfigure.properties.PropertyMappingContextCustomizer@df555a92, org.springframework.boot.test.autoconfigure.web.servlet.WebDriverContextCustomizerFactory$Customizer@5bd14dc6, [ImportsContextCustomizer@63c396e6 key = [org.springframework.boot.autoconfigure.cache.CacheAutoConfiguration, org.springframework.boot.autoconfigure.context.MessageSourceAutoConfiguration, org.springframework.boot.autoconfigure.data.web.SpringDataWebAutoConfiguration, org.springframework.boot.autoconfigure.freemarker.FreeMarkerAutoConfiguration, org.springframework.boot.autoconfigure.groovy.template.GroovyTemplateAutoConfiguration, org.springframework.boot.autoconfigure.gson.GsonAutoConfiguration, org.springframework.boot.autoconfigure.hateoas.HypermediaAutoConfiguration, org.springframework.boot.autoconfigure.http.HttpMessageConvertersAutoConfiguration, org.springframework.boot.autoconfigure.jackson.JacksonAutoConfiguration, org.springframework.boot.autoconfigure.jsonb.JsonbAutoConfiguration, org.springframework.boot.autoconfigure.mustache.MustacheAutoConfiguration, org.springframework.boot.autoconfigure.task.TaskExecutionAutoConfiguration, org.springframework.boot.autoconfigure.thymeleaf.ThymeleafAutoConfiguration, org.springframework.boot.autoconfigure.validation.ValidationAutoConfiguration, org.springframework.boot.autoconfigure.web.servlet.error.ErrorMvcAutoConfiguration, org.springframework.boot.autoconfigure.web.servlet.WebMvcAutoConfiguration, org.springframework.boot.test.autoconfigure.web.servlet.MockMvcAutoConfiguration, org.springframework.boot.test.autoconfigure.web.servlet.MockMvcSecurityAutoConfiguration, org.springframework.boot.test.autoconfigure.web.servlet.MockMvcWebClientAutoConfiguration, org.springframework.boot.test.autoconfigure.web.servlet.MockMvcWebDriverAutoConfiguration]], org.springframework.boot.test.context.filter.ExcludeFilterContextCustomizer@29bded78, org.springframework.boot.test.json.DuplicateJsonObjectContextCustomizerFactory$DuplicateJsonObjectContextCustomizer@7da6d0ca, org.springframework.boot.test.mock.mockito.MockitoContextCustomizer@0], resourceBasePath = 'src/main/webapp', contextLoader = 'org.springframework.boot.test.context.SpringBootContextLoader', parent = [null]], attributes = map[[empty]]], class annotated with @DirtiesContext [false] with mode [null].
13:59:34.386 [Test worker] DEBUG org.springframework.test.annotation.ProfileValueUtils - Retrieved @ProfileValueSourceConfiguration [null] for test class [com.practice.springboot.HelloControllerTest]
13:59:34.387 [Test worker] DEBUG org.springframework.test.annotation.ProfileValueUtils - Retrieved ProfileValueSource type [class org.springframework.test.annotation.SystemProfileValueSource] for class [com.practice.springboot.HelloControllerTest]
13:59:34.395 [Test worker] DEBUG org.springframework.test.context.support.DependencyInjectionTestExecutionListener - Performing dependency injection for test context [[DefaultTestContext@46730c23 testClass = HelloControllerTest, testInstance = com.practice.springboot.HelloControllerTest@68c9aae7, testMethod = [null], testException = [null], mergedContextConfiguration = [WebMergedContextConfiguration@7e6d2f01 testClass = HelloControllerTest, locations = '{}', classes = '{class com.practice.springboot.Application}', contextInitializerClasses = '[]', activeProfiles = '{}', propertySourceLocations = '{}', propertySourceProperties = '{org.springframework.boot.test.autoconfigure.web.servlet.WebMvcTestContextBootstrapper=true}', contextCustomizers = set[org.springframework.boot.test.autoconfigure.OverrideAutoConfigurationContextCustomizerFactory$DisableAutoConfigurationContextCustomizer@5c88ca04, org.springframework.boot.test.autoconfigure.filter.TypeExcludeFiltersContextCustomizer@b2e39798, org.springframework.boot.test.autoconfigure.properties.PropertyMappingContextCustomizer@df555a92, org.springframework.boot.test.autoconfigure.web.servlet.WebDriverContextCustomizerFactory$Customizer@5bd14dc6, [ImportsContextCustomizer@63c396e6 key = [org.springframework.boot.autoconfigure.cache.CacheAutoConfiguration, org.springframework.boot.autoconfigure.context.MessageSourceAutoConfiguration, org.springframework.boot.autoconfigure.data.web.SpringDataWebAutoConfiguration, org.springframework.boot.autoconfigure.freemarker.FreeMarkerAutoConfiguration, org.springframework.boot.autoconfigure.groovy.template.GroovyTemplateAutoConfiguration, org.springframework.boot.autoconfigure.gson.GsonAutoConfiguration, org.springframework.boot.autoconfigure.hateoas.HypermediaAutoConfiguration, org.springframework.boot.autoconfigure.http.HttpMessageConvertersAutoConfiguration, org.springframework.boot.autoconfigure.jackson.JacksonAutoConfiguration, org.springframework.boot.autoconfigure.jsonb.JsonbAutoConfiguration, org.springframework.boot.autoconfigure.mustache.MustacheAutoConfiguration, org.springframework.boot.autoconfigure.task.TaskExecutionAutoConfiguration, org.springframework.boot.autoconfigure.thymeleaf.ThymeleafAutoConfiguration, org.springframework.boot.autoconfigure.validation.ValidationAutoConfiguration, org.springframework.boot.autoconfigure.web.servlet.error.ErrorMvcAutoConfiguration, org.springframework.boot.autoconfigure.web.servlet.WebMvcAutoConfiguration, org.springframework.boot.test.autoconfigure.web.servlet.MockMvcAutoConfiguration, org.springframework.boot.test.autoconfigure.web.servlet.MockMvcSecurityAutoConfiguration, org.springframework.boot.test.autoconfigure.web.servlet.MockMvcWebClientAutoConfiguration, org.springframework.boot.test.autoconfigure.web.servlet.MockMvcWebDriverAutoConfiguration]], org.springframework.boot.test.context.filter.ExcludeFilterContextCustomizer@29bded78, org.springframework.boot.test.json.DuplicateJsonObjectContextCustomizerFactory$DuplicateJsonObjectContextCustomizer@7da6d0ca, org.springframework.boot.test.mock.mockito.MockitoContextCustomizer@0], resourceBasePath = 'src/main/webapp', contextLoader = 'org.springframework.boot.test.context.SpringBootContextLoader', parent = [null]], attributes = map[[empty]]]].
13:59:34.596 [Test worker] DEBUG org.springframework.test.context.support.TestPropertySourceUtils - Adding inlined properties to environment: {spring.jmx.enabled=false, org.springframework.boot.test.autoconfigure.web.servlet.WebMvcTestContextBootstrapper=true, server.port=-1}

  .   ____          _            __ _ _
 /\\ / ___'_ __ _ _(_)_ __  __ _ \ \ \ \
( ( )\___ | '_ | '_| | '_ \/ _` | \ \ \ \
 \\/  ___)| |_)| | | | | || (_| |  ) ) ) )
  '  |____| .__|_| |_|_| |_\__, | / / / /
 =========|_|==============|___/=/_/_/_/
 :: Spring Boot ::        (v2.1.7.RELEASE)

2021-02-14 13:59:35.266  INFO 2800 --- [    Test worker] c.p.springboot.HelloControllerTest       : Starting HelloControllerTest on DESKTOP-IC55394 with PID 2800 (started by baewo in C:\Users\baewo\Desktop\springboot2-webservice)
2021-02-14 13:59:35.268  INFO 2800 --- [    Test worker] c.p.springboot.HelloControllerTest       : The following profiles are active: oauth
2021-02-14 13:59:37.780  INFO 2800 --- [    Test worker] o.s.s.concurrent.ThreadPoolTaskExecutor  : Initializing ExecutorService 'applicationTaskExecutor'
2021-02-14 13:59:37.927  INFO 2800 --- [    Test worker] o.s.b.a.w.s.WelcomePageHandlerMapping    : Adding welcome page template: index
2021-02-14 13:59:38.526  INFO 2800 --- [    Test worker] .s.s.UserDetailsServiceAutoConfiguration : 

Using generated security password: 619d8f74-1109-49e0-8d73-95ba224d347c

2021-02-14 13:59:38.999  INFO 2800 --- [    Test worker] o.s.s.web.DefaultSecurityFilterChain     : Creating filter chain: any request, [org.springframework.security.web.context.request.async.WebAsyncManagerIntegrationFilter@58663851, org.springframework.security.web.context.SecurityContextPersistenceFilter@4c413c8a, org.springframework.security.web.header.HeaderWriterFilter@7d69426f, org.springframework.security.web.csrf.CsrfFilter@5ba1faa0, org.springframework.security.web.authentication.logout.LogoutFilter@bab95cb, org.springframework.security.web.authentication.UsernamePasswordAuthenticationFilter@6d40d2ff, org.springframework.security.web.authentication.ui.DefaultLoginPageGeneratingFilter@3f87ab9c, org.springframework.security.web.authentication.ui.DefaultLogoutPageGeneratingFilter@36165f50, org.springframework.security.web.authentication.www.BasicAuthenticationFilter@d013158, org.springframework.security.web.savedrequest.RequestCacheAwareFilter@e9cbd0, org.springframework.security.web.servletapi.SecurityContextHolderAwareRequestFilter@1b1ceefc, org.springframework.security.web.authentication.AnonymousAuthenticationFilter@7209115a, org.springframework.security.web.session.SessionManagementFilter@24c5826a, org.springframework.security.web.access.ExceptionTranslationFilter@43da2d1a, org.springframework.security.web.access.intercept.FilterSecurityInterceptor@369999ae]
2021-02-14 13:59:39.097  INFO 2800 --- [    Test worker] o.s.b.t.m.w.SpringBootMockServletContext : Initializing Spring TestDispatcherServlet ''
2021-02-14 13:59:39.097  INFO 2800 --- [    Test worker] o.s.t.web.servlet.TestDispatcherServlet  : Initializing Servlet ''
2021-02-14 13:59:39.121  INFO 2800 --- [    Test worker] o.s.t.web.servlet.TestDispatcherServlet  : Completed initialization in 24 ms
2021-02-14 13:59:39.210  INFO 2800 --- [    Test worker] c.p.springboot.HelloControllerTest       : Started HelloControllerTest in 4.6 seconds (JVM running for 7.115)
]]></system-out>
  <system-err><![CDATA[]]></system-err>
</testsuite>
