<?xml version="1.0" encoding="UTF-8"?>
<testsuite name="com.practice.springboot.HelloControllerTest" tests="2" skipped="0" failures="0" errors="0" timestamp="2021-02-14T08:26:40" hostname="DESKTOP-IC55394" time="0.299">
  <properties/>
  <testcase name="helloDtoReturn" classname="com.practice.springboot.HelloControllerTest" time="0.283"/>
  <testcase name="hello가_리턴된다" classname="com.practice.springboot.HelloControllerTest" time="0.015"/>
  <system-out><![CDATA[2021-02-14 17:26:38.360  INFO 11556 --- [    Test worker] .b.t.a.w.s.WebMvcTestContextBootstrapper : Neither @ContextConfiguration nor @ContextHierarchy found for test class [com.practice.springboot.HelloControllerTest], using SpringBootContextLoader
2021-02-14 17:26:38.362  INFO 11556 --- [    Test worker] o.s.t.c.support.AbstractContextLoader    : Could not detect default resource locations for test class [com.practice.springboot.HelloControllerTest]: no resource found for suffixes {-context.xml, Context.groovy}.
2021-02-14 17:26:38.363  INFO 11556 --- [    Test worker] t.c.s.AnnotationConfigContextLoaderUtils : Could not detect default configuration classes for test class [com.practice.springboot.HelloControllerTest]: HelloControllerTest does not declare any static, non-private, non-final, nested classes annotated with @Configuration.
2021-02-14 17:26:38.392  INFO 11556 --- [    Test worker] .b.t.c.SpringBootTestContextBootstrapper : Found @SpringBootConfiguration com.practice.springboot.Application for test class com.practice.springboot.HelloControllerTest
2021-02-14 17:26:38.392  INFO 11556 --- [    Test worker] .b.t.a.w.s.WebMvcTestContextBootstrapper : Loaded default TestExecutionListener class names from location [META-INF/spring.factories]: [org.springframework.security.test.context.support.WithSecurityContextTestExecutionListener, org.springframework.security.test.context.support.ReactorContextTestExecutionListener, org.springframework.boot.test.autoconfigure.restdocs.RestDocsTestExecutionListener, org.springframework.boot.test.autoconfigure.web.client.MockRestServiceServerResetTestExecutionListener, org.springframework.boot.test.autoconfigure.web.servlet.MockMvcPrintOnlyOnFailureTestExecutionListener, org.springframework.boot.test.autoconfigure.web.servlet.WebDriverTestExecutionListener, org.springframework.boot.test.mock.mockito.MockitoTestExecutionListener, org.springframework.boot.test.mock.mockito.ResetMocksTestExecutionListener, org.springframework.test.context.web.ServletTestExecutionListener, org.springframework.test.context.support.DirtiesContextBeforeModesTestExecutionListener, org.springframework.test.context.support.DependencyInjectionTestExecutionListener, org.springframework.test.context.support.DirtiesContextTestExecutionListener, org.springframework.test.context.transaction.TransactionalTestExecutionListener, org.springframework.test.context.jdbc.SqlScriptsTestExecutionListener]
2021-02-14 17:26:38.394  INFO 11556 --- [    Test worker] .b.t.a.w.s.WebMvcTestContextBootstrapper : Using TestExecutionListeners: [org.springframework.test.context.web.ServletTestExecutionListener@d8cdaf1, org.springframework.test.context.support.DirtiesContextBeforeModesTestExecutionListener@7e1324a0, org.springframework.boot.test.mock.mockito.MockitoTestExecutionListener@57ba2c5a, org.springframework.boot.test.autoconfigure.SpringBootDependencyInjectionTestExecutionListener@3c41f233, org.springframework.test.context.support.DirtiesContextTestExecutionListener@57f1ec18, org.springframework.test.context.transaction.TransactionalTestExecutionListener@30a0f462, org.springframework.test.context.jdbc.SqlScriptsTestExecutionListener@36fed6d0, org.springframework.security.test.context.support.WithSecurityContextTestExecutionListener@59d7a56, org.springframework.security.test.context.support.ReactorContextTestExecutionListener@5dd4c7d1, org.springframework.boot.test.autoconfigure.restdocs.RestDocsTestExecutionListener@6ae03bed, org.springframework.boot.test.autoconfigure.web.client.MockRestServiceServerResetTestExecutionListener@2ae83837, org.springframework.boot.test.autoconfigure.web.servlet.MockMvcPrintOnlyOnFailureTestExecutionListener@4449a8f6, org.springframework.boot.test.autoconfigure.web.servlet.WebDriverTestExecutionListener@3fd805e1, org.springframework.boot.test.mock.mockito.ResetMocksTestExecutionListener@540c6ea4]

  .   ____          _            __ _ _
 /\\ / ___'_ __ _ _(_)_ __  __ _ \ \ \ \
( ( )\___ | '_ | '_| | '_ \/ _` | \ \ \ \
 \\/  ___)| |_)| | | | | || (_| |  ) ) ) )
  '  |____| .__|_| |_|_| |_\__, | / / / /
 =========|_|==============|___/=/_/_/_/
 :: Spring Boot ::        (v2.1.7.RELEASE)

2021-02-14 17:26:38.500  INFO 11556 --- [    Test worker] c.p.springboot.HelloControllerTest       : Starting HelloControllerTest on DESKTOP-IC55394 with PID 11556 (started by baewo in C:\Users\baewo\Desktop\springboot2-webservice)
2021-02-14 17:26:38.500  INFO 11556 --- [    Test worker] c.p.springboot.HelloControllerTest       : The following profiles are active: oauth
2021-02-14 17:26:39.354  INFO 11556 --- [    Test worker] o.s.s.concurrent.ThreadPoolTaskExecutor  : Initializing ExecutorService 'applicationTaskExecutor'
2021-02-14 17:26:39.410  INFO 11556 --- [    Test worker] o.s.b.a.w.s.WelcomePageHandlerMapping    : Adding welcome page template: index
2021-02-14 17:26:39.799  INFO 11556 --- [    Test worker] .s.s.UserDetailsServiceAutoConfiguration : 

Using generated security password: f6d53f58-55d0-4667-81ea-b5fda3f1c11a

2021-02-14 17:26:40.062  INFO 11556 --- [    Test worker] o.s.s.web.DefaultSecurityFilterChain     : Creating filter chain: any request, [org.springframework.security.web.context.request.async.WebAsyncManagerIntegrationFilter@21bca7f8, org.springframework.security.web.context.SecurityContextPersistenceFilter@4158f0e0, org.springframework.security.web.header.HeaderWriterFilter@7c9241e7, org.springframework.security.web.csrf.CsrfFilter@3376a6c6, org.springframework.security.web.authentication.logout.LogoutFilter@682a7d63, org.springframework.security.web.authentication.UsernamePasswordAuthenticationFilter@13d80dfa, org.springframework.security.web.authentication.ui.DefaultLoginPageGeneratingFilter@1ffaff67, org.springframework.security.web.authentication.ui.DefaultLogoutPageGeneratingFilter@7a2706c1, org.springframework.security.web.authentication.www.BasicAuthenticationFilter@514f5709, org.springframework.security.web.savedrequest.RequestCacheAwareFilter@2f4223a2, org.springframework.security.web.servletapi.SecurityContextHolderAwareRequestFilter@4131d2d4, org.springframework.security.web.authentication.AnonymousAuthenticationFilter@517be193, org.springframework.security.web.session.SessionManagementFilter@7a549825, org.springframework.security.web.access.ExceptionTranslationFilter@1e0e1f46, org.springframework.security.web.access.intercept.FilterSecurityInterceptor@2e304b6c]
2021-02-14 17:26:40.126  INFO 11556 --- [    Test worker] o.s.b.t.m.w.SpringBootMockServletContext : Initializing Spring TestDispatcherServlet ''
2021-02-14 17:26:40.126  INFO 11556 --- [    Test worker] o.s.t.web.servlet.TestDispatcherServlet  : Initializing Servlet ''
2021-02-14 17:26:40.154  INFO 11556 --- [    Test worker] o.s.t.web.servlet.TestDispatcherServlet  : Completed initialization in 28 ms
2021-02-14 17:26:40.207  INFO 11556 --- [    Test worker] c.p.springboot.HelloControllerTest       : Started HelloControllerTest in 1.809 seconds (JVM running for 17.647)
]]></system-out>
  <system-err><![CDATA[]]></system-err>
</testsuite>
