<?xml version="1.0" encoding="UTF-8"?>
<testsuite name="com.practice.springboot.web.IndexControllerTest" tests="1" skipped="0" failures="0" errors="0" timestamp="2021-02-14T08:26:45" hostname="DESKTOP-IC55394" time="0.355">
  <properties/>
  <testcase name="메인페이지_로딩" classname="com.practice.springboot.web.IndexControllerTest" time="0.355"/>
  <system-out><![CDATA[2021-02-14 17:26:40.520  INFO 11556 --- [    Test worker] .b.t.c.SpringBootTestContextBootstrapper : Neither @ContextConfiguration nor @ContextHierarchy found for test class [com.practice.springboot.web.IndexControllerTest], using SpringBootContextLoader
2021-02-14 17:26:40.522  INFO 11556 --- [    Test worker] o.s.t.c.support.AbstractContextLoader    : Could not detect default resource locations for test class [com.practice.springboot.web.IndexControllerTest]: no resource found for suffixes {-context.xml, Context.groovy}.
2021-02-14 17:26:40.522  INFO 11556 --- [    Test worker] t.c.s.AnnotationConfigContextLoaderUtils : Could not detect default configuration classes for test class [com.practice.springboot.web.IndexControllerTest]: IndexControllerTest does not declare any static, non-private, non-final, nested classes annotated with @Configuration.
2021-02-14 17:26:40.541  INFO 11556 --- [    Test worker] .b.t.c.SpringBootTestContextBootstrapper : Found @SpringBootConfiguration com.practice.springboot.Application for test class com.practice.springboot.web.IndexControllerTest
2021-02-14 17:26:40.545  INFO 11556 --- [    Test worker] .b.t.c.SpringBootTestContextBootstrapper : Loaded default TestExecutionListener class names from location [META-INF/spring.factories]: [org.springframework.security.test.context.support.WithSecurityContextTestExecutionListener, org.springframework.security.test.context.support.ReactorContextTestExecutionListener, org.springframework.boot.test.autoconfigure.restdocs.RestDocsTestExecutionListener, org.springframework.boot.test.autoconfigure.web.client.MockRestServiceServerResetTestExecutionListener, org.springframework.boot.test.autoconfigure.web.servlet.MockMvcPrintOnlyOnFailureTestExecutionListener, org.springframework.boot.test.autoconfigure.web.servlet.WebDriverTestExecutionListener, org.springframework.boot.test.mock.mockito.MockitoTestExecutionListener, org.springframework.boot.test.mock.mockito.ResetMocksTestExecutionListener, org.springframework.test.context.web.ServletTestExecutionListener, org.springframework.test.context.support.DirtiesContextBeforeModesTestExecutionListener, org.springframework.test.context.support.DependencyInjectionTestExecutionListener, org.springframework.test.context.support.DirtiesContextTestExecutionListener, org.springframework.test.context.transaction.TransactionalTestExecutionListener, org.springframework.test.context.jdbc.SqlScriptsTestExecutionListener]
2021-02-14 17:26:40.547  INFO 11556 --- [    Test worker] .b.t.c.SpringBootTestContextBootstrapper : Using TestExecutionListeners: [org.springframework.test.context.web.ServletTestExecutionListener@cb3d99a, org.springframework.test.context.support.DirtiesContextBeforeModesTestExecutionListener@5e2c8b91, org.springframework.boot.test.mock.mockito.MockitoTestExecutionListener@3d567d5c, org.springframework.boot.test.autoconfigure.SpringBootDependencyInjectionTestExecutionListener@132a3525, org.springframework.test.context.support.DirtiesContextTestExecutionListener@14751d3, org.springframework.test.context.transaction.TransactionalTestExecutionListener@3b0d3269, org.springframework.test.context.jdbc.SqlScriptsTestExecutionListener@35bf04c9, org.springframework.security.test.context.support.WithSecurityContextTestExecutionListener@77fe8c46, org.springframework.security.test.context.support.ReactorContextTestExecutionListener@4c8c82a3, org.springframework.boot.test.autoconfigure.restdocs.RestDocsTestExecutionListener@1ec07f21, org.springframework.boot.test.autoconfigure.web.client.MockRestServiceServerResetTestExecutionListener@5314a97c, org.springframework.boot.test.autoconfigure.web.servlet.MockMvcPrintOnlyOnFailureTestExecutionListener@500b83e4, org.springframework.boot.test.autoconfigure.web.servlet.WebDriverTestExecutionListener@783a9adc, org.springframework.boot.test.mock.mockito.ResetMocksTestExecutionListener@651edb8d]

  .   ____          _            __ _ _
 /\\ / ___'_ __ _ _(_)_ __  __ _ \ \ \ \
( ( )\___ | '_ | '_| | '_ \/ _` | \ \ \ \
 \\/  ___)| |_)| | | | | || (_| |  ) ) ) )
  '  |____| .__|_| |_|_| |_\__, | / / / /
 =========|_|==============|___/=/_/_/_/
 :: Spring Boot ::        (v2.1.7.RELEASE)

2021-02-14 17:26:40.637  INFO 11556 --- [    Test worker] c.p.springboot.web.IndexControllerTest   : Starting IndexControllerTest on DESKTOP-IC55394 with PID 11556 (started by baewo in C:\Users\baewo\Desktop\springboot2-webservice)
2021-02-14 17:26:40.637  INFO 11556 --- [    Test worker] c.p.springboot.web.IndexControllerTest   : The following profiles are active: oauth
2021-02-14 17:26:41.050  INFO 11556 --- [    Test worker] .s.d.r.c.RepositoryConfigurationDelegate : Bootstrapping Spring Data repositories in DEFAULT mode.
2021-02-14 17:26:41.096  INFO 11556 --- [    Test worker] .s.d.r.c.RepositoryConfigurationDelegate : Finished Spring Data repository scanning in 45ms. Found 2 repository interfaces.
2021-02-14 17:26:41.269  INFO 11556 --- [    Test worker] trationDelegate$BeanPostProcessorChecker : Bean 'org.springframework.transaction.annotation.ProxyTransactionManagementConfiguration' of type [org.springframework.transaction.annotation.ProxyTransactionManagementConfiguration$$EnhancerBySpringCGLIB$$a08142dd] is not eligible for getting processed by all BeanPostProcessors (for example: not eligible for auto-proxying)
2021-02-14 17:26:41.765  INFO 11556 --- [    Test worker] o.s.b.w.embedded.tomcat.TomcatWebServer  : Tomcat initialized with port(s): 0 (http)
2021-02-14 17:26:41.822  INFO 11556 --- [    Test worker] o.apache.catalina.core.StandardService   : Starting service [Tomcat]
2021-02-14 17:26:41.823  INFO 11556 --- [    Test worker] org.apache.catalina.core.StandardEngine  : Starting Servlet engine: [Apache Tomcat/9.0.22]
2021-02-14 17:26:42.138  INFO 11556 --- [    Test worker] o.a.c.c.C.[Tomcat].[localhost].[/]       : Initializing Spring embedded WebApplicationContext
2021-02-14 17:26:42.138  INFO 11556 --- [    Test worker] o.s.web.context.ContextLoader            : Root WebApplicationContext: initialization completed in 1494 ms
2021-02-14 17:26:42.501  INFO 11556 --- [    Test worker] com.zaxxer.hikari.HikariDataSource       : HikariPool-2 - Starting...
2021-02-14 17:26:42.502  INFO 11556 --- [    Test worker] com.zaxxer.hikari.HikariDataSource       : HikariPool-2 - Start completed.
2021-02-14 17:26:42.580  INFO 11556 --- [    Test worker] o.hibernate.jpa.internal.util.LogHelper  : HHH000204: Processing PersistenceUnitInfo [
	name: default
	...]
2021-02-14 17:26:42.603  INFO 11556 --- [    Test worker] org.hibernate.dialect.Dialect            : HHH000400: Using dialect: org.hibernate.dialect.MySQL5InnoDBDialect
Hibernate: drop table if exists posts
Hibernate: drop table if exists user
Hibernate: create table posts (id bigint not null auto_increment, created_date datetime, modified_date datetime, author varchar(255), content TEXT not null, title varchar(500) not null, primary key (id)) engine=InnoDB
Hibernate: create table user (id bigint not null auto_increment, created_date datetime, modified_date datetime, email varchar(255) not null, name varchar(255) not null, picture varchar(255), role varchar(255) not null, primary key (id)) engine=InnoDB
2021-02-14 17:26:42.704  INFO 11556 --- [    Test worker] o.h.t.schema.internal.SchemaCreatorImpl  : HHH000476: Executing import script 'org.hibernate.tool.schema.internal.exec.ScriptSourceInputNonExistentImpl@2b132c16'
2021-02-14 17:26:42.704  INFO 11556 --- [    Test worker] j.LocalContainerEntityManagerFactoryBean : Initialized JPA EntityManagerFactory for persistence unit 'default'
2021-02-14 17:26:43.385  INFO 11556 --- [    Test worker] o.h.h.i.QueryTranslatorFactoryInitiator  : HHH000397: Using ASTQueryTranslatorFactory
2021-02-14 17:26:43.785  INFO 11556 --- [    Test worker] o.s.s.web.DefaultSecurityFilterChain     : Creating filter chain: any request, [org.springframework.security.web.context.request.async.WebAsyncManagerIntegrationFilter@5771eb71, org.springframework.security.web.context.SecurityContextPersistenceFilter@49df88bd, org.springframework.security.web.header.HeaderWriterFilter@81f7b1e, org.springframework.security.web.authentication.logout.LogoutFilter@6961c530, org.springframework.security.oauth2.client.web.OAuth2AuthorizationRequestRedirectFilter@463c3594, org.springframework.security.oauth2.client.web.OAuth2LoginAuthenticationFilter@6de44e3d, org.springframework.security.web.authentication.ui.DefaultLoginPageGeneratingFilter@5cce2474, org.springframework.security.web.authentication.ui.DefaultLogoutPageGeneratingFilter@3ab63be3, org.springframework.security.web.savedrequest.RequestCacheAwareFilter@36e7220b, org.springframework.security.web.servletapi.SecurityContextHolderAwareRequestFilter@45537842, org.springframework.security.web.authentication.AnonymousAuthenticationFilter@1d8129b4, org.springframework.security.web.session.SessionManagementFilter@2886205c, org.springframework.security.web.access.ExceptionTranslationFilter@5ea43c79, org.springframework.security.web.access.intercept.FilterSecurityInterceptor@39aa801c]
2021-02-14 17:26:44.317  INFO 11556 --- [    Test worker] o.s.s.concurrent.ThreadPoolTaskExecutor  : Initializing ExecutorService 'applicationTaskExecutor'
2021-02-14 17:26:44.345  WARN 11556 --- [    Test worker] aWebConfiguration$JpaWebMvcConfiguration : spring.jpa.open-in-view is enabled by default. Therefore, database queries may be performed during view rendering. Explicitly configure spring.jpa.open-in-view to disable this warning
2021-02-14 17:26:44.404  INFO 11556 --- [    Test worker] o.s.b.a.w.s.WelcomePageHandlerMapping    : Adding welcome page template: index
2021-02-14 17:26:44.985  INFO 11556 --- [    Test worker] s.a.ScheduledAnnotationBeanPostProcessor : No TaskScheduler/ScheduledExecutorService bean found for scheduled processing
2021-02-14 17:26:45.019  INFO 11556 --- [    Test worker] o.s.b.w.embedded.tomcat.TomcatWebServer  : Tomcat started on port(s): 54283 (http) with context path ''
2021-02-14 17:26:45.020  INFO 11556 --- [    Test worker] c.p.springboot.web.IndexControllerTest   : Started IndexControllerTest in 4.469 seconds (JVM running for 22.46)
2021-02-14 17:26:45.197  INFO 11556 --- [o-auto-1-exec-1] o.a.c.c.C.[Tomcat].[localhost].[/]       : Initializing Spring DispatcherServlet 'dispatcherServlet'
2021-02-14 17:26:45.198  INFO 11556 --- [o-auto-1-exec-1] o.s.web.servlet.DispatcherServlet        : Initializing Servlet 'dispatcherServlet'
2021-02-14 17:26:45.244  INFO 11556 --- [o-auto-1-exec-1] o.s.web.servlet.DispatcherServlet        : Completed initialization in 46 ms
Hibernate: select posts0_.id as id1_0_, posts0_.created_date as created_2_0_, posts0_.modified_date as modified3_0_, posts0_.author as author4_0_, posts0_.content as content5_0_, posts0_.title as title6_0_ from posts posts0_ order by posts0_.id DESC
]]></system-out>
  <system-err><![CDATA[]]></system-err>
</testsuite>
