<?xml version="1.0" encoding="UTF-8"?>
<testsuite name="com.practice.springboot.domain.posts.PostsRepositoryTest" tests="2" skipped="0" failures="0" errors="0" timestamp="2021-02-14T04:59:48" hostname="DESKTOP-IC55394" time="0.459">
  <properties/>
  <testcase name="게시글저장_불러오기" classname="com.practice.springboot.domain.posts.PostsRepositoryTest" time="0.445"/>
  <testcase name="BaseTimeEntity_등록" classname="com.practice.springboot.domain.posts.PostsRepositoryTest" time="0.013"/>
  <system-out><![CDATA[2021-02-14 13:59:39.731  INFO 2800 --- [    Test worker] .b.t.c.SpringBootTestContextBootstrapper : Neither @ContextConfiguration nor @ContextHierarchy found for test class [com.practice.springboot.domain.posts.PostsRepositoryTest], using SpringBootContextLoader
2021-02-14 13:59:39.733  INFO 2800 --- [    Test worker] o.s.t.c.support.AbstractContextLoader    : Could not detect default resource locations for test class [com.practice.springboot.domain.posts.PostsRepositoryTest]: no resource found for suffixes {-context.xml, Context.groovy}.
2021-02-14 13:59:39.733  INFO 2800 --- [    Test worker] t.c.s.AnnotationConfigContextLoaderUtils : Could not detect default configuration classes for test class [com.practice.springboot.domain.posts.PostsRepositoryTest]: PostsRepositoryTest does not declare any static, non-private, non-final, nested classes annotated with @Configuration.
2021-02-14 13:59:39.749  INFO 2800 --- [    Test worker] .b.t.c.SpringBootTestContextBootstrapper : Found @SpringBootConfiguration com.practice.springboot.Application for test class com.practice.springboot.domain.posts.PostsRepositoryTest
2021-02-14 13:59:39.753  INFO 2800 --- [    Test worker] .b.t.c.SpringBootTestContextBootstrapper : Loaded default TestExecutionListener class names from location [META-INF/spring.factories]: [org.springframework.security.test.context.support.WithSecurityContextTestExecutionListener, org.springframework.security.test.context.support.ReactorContextTestExecutionListener, org.springframework.boot.test.autoconfigure.restdocs.RestDocsTestExecutionListener, org.springframework.boot.test.autoconfigure.web.client.MockRestServiceServerResetTestExecutionListener, org.springframework.boot.test.autoconfigure.web.servlet.MockMvcPrintOnlyOnFailureTestExecutionListener, org.springframework.boot.test.autoconfigure.web.servlet.WebDriverTestExecutionListener, org.springframework.boot.test.mock.mockito.MockitoTestExecutionListener, org.springframework.boot.test.mock.mockito.ResetMocksTestExecutionListener, org.springframework.test.context.web.ServletTestExecutionListener, org.springframework.test.context.support.DirtiesContextBeforeModesTestExecutionListener, org.springframework.test.context.support.DependencyInjectionTestExecutionListener, org.springframework.test.context.support.DirtiesContextTestExecutionListener, org.springframework.test.context.transaction.TransactionalTestExecutionListener, org.springframework.test.context.jdbc.SqlScriptsTestExecutionListener]
2021-02-14 13:59:39.755  INFO 2800 --- [    Test worker] .b.t.c.SpringBootTestContextBootstrapper : Using TestExecutionListeners: [org.springframework.test.context.web.ServletTestExecutionListener@9e8dda6, org.springframework.test.context.support.DirtiesContextBeforeModesTestExecutionListener@6862bd13, org.springframework.boot.test.mock.mockito.MockitoTestExecutionListener@796aa162, org.springframework.boot.test.autoconfigure.SpringBootDependencyInjectionTestExecutionListener@7734cff3, org.springframework.test.context.support.DirtiesContextTestExecutionListener@387e295e, org.springframework.test.context.transaction.TransactionalTestExecutionListener@45898167, org.springframework.test.context.jdbc.SqlScriptsTestExecutionListener@69c45905, org.springframework.security.test.context.support.WithSecurityContextTestExecutionListener@385e4899, org.springframework.security.test.context.support.ReactorContextTestExecutionListener@71a3b215, org.springframework.boot.test.autoconfigure.restdocs.RestDocsTestExecutionListener@782887ff, org.springframework.boot.test.autoconfigure.web.client.MockRestServiceServerResetTestExecutionListener@336ff58e, org.springframework.boot.test.autoconfigure.web.servlet.MockMvcPrintOnlyOnFailureTestExecutionListener@793f69fa, org.springframework.boot.test.autoconfigure.web.servlet.WebDriverTestExecutionListener@15604fd2, org.springframework.boot.test.mock.mockito.ResetMocksTestExecutionListener@294b25fe]

  .   ____          _            __ _ _
 /\\ / ___'_ __ _ _(_)_ __  __ _ \ \ \ \
( ( )\___ | '_ | '_| | '_ \/ _` | \ \ \ \
 \\/  ___)| |_)| | | | | || (_| |  ) ) ) )
  '  |____| .__|_| |_|_| |_\__, | / / / /
 =========|_|==============|___/=/_/_/_/
 :: Spring Boot ::        (v2.1.7.RELEASE)

2021-02-14 13:59:39.835  INFO 2800 --- [    Test worker] c.p.s.domain.posts.PostsRepositoryTest   : Starting PostsRepositoryTest on DESKTOP-IC55394 with PID 2800 (started by baewo in C:\Users\baewo\Desktop\springboot2-webservice)
2021-02-14 13:59:39.835  INFO 2800 --- [    Test worker] c.p.s.domain.posts.PostsRepositoryTest   : The following profiles are active: oauth
2021-02-14 13:59:40.535  INFO 2800 --- [    Test worker] .s.d.r.c.RepositoryConfigurationDelegate : Bootstrapping Spring Data repositories in DEFAULT mode.
2021-02-14 13:59:40.656  INFO 2800 --- [    Test worker] .s.d.r.c.RepositoryConfigurationDelegate : Finished Spring Data repository scanning in 106ms. Found 2 repository interfaces.
2021-02-14 13:59:41.169  INFO 2800 --- [    Test worker] trationDelegate$BeanPostProcessorChecker : Bean 'org.springframework.transaction.annotation.ProxyTransactionManagementConfiguration' of type [org.springframework.transaction.annotation.ProxyTransactionManagementConfiguration$$EnhancerBySpringCGLIB$$9d6f5428] is not eligible for getting processed by all BeanPostProcessors (for example: not eligible for auto-proxying)
2021-02-14 13:59:41.534  INFO 2800 --- [    Test worker] com.zaxxer.hikari.HikariDataSource       : HikariPool-1 - Starting...
2021-02-14 13:59:41.893  INFO 2800 --- [    Test worker] com.zaxxer.hikari.HikariDataSource       : HikariPool-1 - Start completed.
2021-02-14 13:59:42.079  INFO 2800 --- [    Test worker] o.hibernate.jpa.internal.util.LogHelper  : HHH000204: Processing PersistenceUnitInfo [
	name: default
	...]
2021-02-14 13:59:42.277  INFO 2800 --- [    Test worker] org.hibernate.Version                    : HHH000412: Hibernate Core {5.3.10.Final}
2021-02-14 13:59:42.282  INFO 2800 --- [    Test worker] org.hibernate.cfg.Environment            : HHH000206: hibernate.properties not found
2021-02-14 13:59:42.442  INFO 2800 --- [    Test worker] o.hibernate.annotations.common.Version   : HCANN000001: Hibernate Commons Annotations {5.0.4.Final}
2021-02-14 13:59:42.864  INFO 2800 --- [    Test worker] org.hibernate.dialect.Dialect            : HHH000400: Using dialect: org.hibernate.dialect.MySQL5InnoDBDialect
Hibernate: drop table if exists posts
Hibernate: drop table if exists user
Hibernate: create table posts (id bigint not null auto_increment, created_date datetime, modified_date datetime, author varchar(255), content TEXT not null, title varchar(500) not null, primary key (id)) engine=InnoDB
Hibernate: create table user (id bigint not null auto_increment, created_date datetime, modified_date datetime, email varchar(255) not null, name varchar(255) not null, picture varchar(255), role varchar(255) not null, primary key (id)) engine=InnoDB
2021-02-14 13:59:44.336  INFO 2800 --- [    Test worker] o.h.t.schema.internal.SchemaCreatorImpl  : HHH000476: Executing import script 'org.hibernate.tool.schema.internal.exec.ScriptSourceInputNonExistentImpl@e5105fd'
2021-02-14 13:59:44.343  INFO 2800 --- [    Test worker] j.LocalContainerEntityManagerFactoryBean : Initialized JPA EntityManagerFactory for persistence unit 'default'
2021-02-14 13:59:45.297  INFO 2800 --- [    Test worker] o.h.h.i.QueryTranslatorFactoryInitiator  : HHH000397: Using ASTQueryTranslatorFactory
2021-02-14 13:59:46.002  INFO 2800 --- [    Test worker] o.s.s.web.DefaultSecurityFilterChain     : Creating filter chain: any request, [org.springframework.security.web.context.request.async.WebAsyncManagerIntegrationFilter@255db8c8, org.springframework.security.web.context.SecurityContextPersistenceFilter@6a546d2f, org.springframework.security.web.header.HeaderWriterFilter@f05b144, org.springframework.security.web.authentication.logout.LogoutFilter@3fafca50, org.springframework.security.oauth2.client.web.OAuth2AuthorizationRequestRedirectFilter@cd7a31f, org.springframework.security.oauth2.client.web.OAuth2LoginAuthenticationFilter@6089381e, org.springframework.security.web.authentication.ui.DefaultLoginPageGeneratingFilter@765bfca1, org.springframework.security.web.authentication.ui.DefaultLogoutPageGeneratingFilter@53b02d4, org.springframework.security.web.savedrequest.RequestCacheAwareFilter@3ccb78e9, org.springframework.security.web.servletapi.SecurityContextHolderAwareRequestFilter@1e6661a5, org.springframework.security.web.authentication.AnonymousAuthenticationFilter@2cdb83a5, org.springframework.security.web.session.SessionManagementFilter@22495383, org.springframework.security.web.access.ExceptionTranslationFilter@4f03395d, org.springframework.security.web.access.intercept.FilterSecurityInterceptor@46ff5a9d]
2021-02-14 13:59:47.129  INFO 2800 --- [    Test worker] o.s.s.concurrent.ThreadPoolTaskExecutor  : Initializing ExecutorService 'applicationTaskExecutor'
2021-02-14 13:59:47.181  WARN 2800 --- [    Test worker] aWebConfiguration$JpaWebMvcConfiguration : spring.jpa.open-in-view is enabled by default. Therefore, database queries may be performed during view rendering. Explicitly configure spring.jpa.open-in-view to disable this warning
2021-02-14 13:59:47.283  INFO 2800 --- [    Test worker] o.s.b.a.w.s.WelcomePageHandlerMapping    : Adding welcome page template: index
2021-02-14 13:59:48.617  INFO 2800 --- [    Test worker] s.a.ScheduledAnnotationBeanPostProcessor : No TaskScheduler/ScheduledExecutorService bean found for scheduled processing
2021-02-14 13:59:48.649  INFO 2800 --- [    Test worker] c.p.s.domain.posts.PostsRepositoryTest   : Started PostsRepositoryTest in 8.891 seconds (JVM running for 16.554)
Hibernate: insert into posts (created_date, modified_date, author, content, title) values (?, ?, ?, ?, ?)
Hibernate: select posts0_.id as id1_0_, posts0_.created_date as created_2_0_, posts0_.modified_date as modified3_0_, posts0_.author as author4_0_, posts0_.content as content5_0_, posts0_.title as title6_0_ from posts posts0_
Hibernate: select posts0_.id as id1_0_, posts0_.created_date as created_2_0_, posts0_.modified_date as modified3_0_, posts0_.author as author4_0_, posts0_.content as content5_0_, posts0_.title as title6_0_ from posts posts0_
Hibernate: delete from posts where id=?
Hibernate: insert into posts (created_date, modified_date, author, content, title) values (?, ?, ?, ?, ?)
Hibernate: select posts0_.id as id1_0_, posts0_.created_date as created_2_0_, posts0_.modified_date as modified3_0_, posts0_.author as author4_0_, posts0_.content as content5_0_, posts0_.title as title6_0_ from posts posts0_
>>>>>>>>>>>>>> createDate=2021-02-14T13:59:49.109, modifiedDate =2021-02-14T13:59:49.109
Hibernate: select posts0_.id as id1_0_, posts0_.created_date as created_2_0_, posts0_.modified_date as modified3_0_, posts0_.author as author4_0_, posts0_.content as content5_0_, posts0_.title as title6_0_ from posts posts0_
Hibernate: delete from posts where id=?
]]></system-out>
  <system-err><![CDATA[]]></system-err>
</testsuite>
